[0507/144336.508:ERROR:process_info.cc(625)] range at 0xd024277800000000, size 0x2e fully unreadable
[0507/144336.509:ERROR:process_info.cc(625)] range at 0x274a277800000000, size 0x98 fully unreadable
[0507/144336.509:ERROR:process_info.cc(625)] range at 0x5c39275000000000, size 0x4b fully unreadable
[0507/144336.510:ERROR:process_info.cc(625)] range at 0xd02427da00000000, size 0x2e fully unreadable
[0507/144336.510:ERROR:process_info.cc(625)] range at 0x274a27da00000000, size 0x98 fully unreadable
[0507/144336.510:ERROR:process_info.cc(625)] range at 0x5c3927b200000000, size 0x4b fully unreadable
[0507/144336.510:ERROR:process_info.cc(625)] range at 0x0, size 0x2e fully unreadable
[0507/144336.510:ERROR:process_info.cc(625)] range at 0x0, size 0x98 fully unreadable
[0507/144336.510:ERROR:process_info.cc(625)] range at 0x0, size 0x4b fully unreadable
[0507/144336.514:ERROR:process_info.cc(625)] range at 0x18a31c2600000000, size 0xdf fully unreadable
[0507/144336.514:ERROR:process_info.cc(625)] range at 0x18a31c4600000000, size 0xdf fully unreadable
[0507/144336.514:ERROR:process_info.cc(625)] range at 0x0, size 0xdf fully unreadable
[0507/144336.552:ERROR:process_info.cc(373)] UncheckedAllocate
[0507/144336.552:ERROR:process_info.cc(373)] UncheckedAllocate
[0507/144336.552:ERROR:process_info.cc(373)] UncheckedAllocate
[0507/144402.312:ERROR:process_info.cc(625)] range at 0x9bc3277800000000, size 0x68 fully unreadable
[0507/144402.343:ERROR:process_info.cc(625)] range at 0x9bc327d800000000, size 0x68 fully unreadable
[0507/144402.343:ERROR:process_info.cc(625)] range at 0x0, size 0x68 fully unreadable
[0507/144645.230:ERROR:process_info.cc(625)] range at 0x8263275200000000, size 0xb6 fully unreadable
[0507/144645.230:ERROR:process_info.cc(625)] range at 0x826327b200000000, size 0xb6 fully unreadable
[0507/144645.230:ERROR:process_info.cc(625)] range at 0x0, size 0xb6 fully unreadable
[0507/144659.263:ERROR:process_info.cc(625)] range at 0x6db51c2600000000, size 0x13 fully unreadable
[0507/144659.288:ERROR:process_info.cc(625)] range at 0x6db51c4600000000, size 0x13 fully unreadable
[0507/144659.288:ERROR:process_info.cc(625)] range at 0x0, size 0x13 fully unreadable
[0507/144659.297:ERROR:process_info.cc(625)] range at 0xc72f275000000000, size 0xc fully unreadable
[0507/144659.297:ERROR:process_info.cc(625)] range at 0xc72f27b200000000, size 0xc fully unreadable
[0507/144659.297:ERROR:process_info.cc(625)] range at 0x0, size 0xc fully unreadable
[0507/144659.355:ERROR:process_info.cc(373)] UncheckedAllocate
[0507/144659.359:ERROR:process_info.cc(373)] UncheckedAllocate
[0509/010637.358:ERROR:process_info.cc(625)] range at 0x2a95275400000000, size 0xc0 fully unreadable
[0509/010637.380:ERROR:process_info.cc(625)] range at 0x2a9527b600000000, size 0xc0 fully unreadable
[0509/010637.380:ERROR:process_info.cc(625)] range at 0x0, size 0xc0 fully unreadable
[0509/010637.438:ERROR:process_info.cc(373)] UncheckedAllocate
[0509/010645.661:ERROR:process_info.cc(625)] range at 0xadc7275400000000, size 0x1d fully unreadable
[0509/010645.661:ERROR:process_info.cc(625)] range at 0xadc727b600000000, size 0x1d fully unreadable
[0509/010645.661:ERROR:process_info.cc(625)] range at 0x0, size 0x1d fully unreadable
[0509/010645.680:ERROR:process_info.cc(373)] UncheckedAllocate
[0509/010650.844:ERROR:process_info.cc(625)] range at 0x41ef275400000000, size 0xb1 fully unreadable
[0509/010650.844:ERROR:process_info.cc(625)] range at 0x41ef27b600000000, size 0xb1 fully unreadable
[0509/010650.844:ERROR:process_info.cc(625)] range at 0x0, size 0xb1 fully unreadable
[0509/010650.864:ERROR:process_info.cc(373)] UncheckedAllocate
[0509/010654.897:ERROR:process_info.cc(625)] range at 0x885a275400000000, size 0xe1 fully unreadable
[0509/010654.898:ERROR:process_info.cc(625)] range at 0x885a27b600000000, size 0xe1 fully unreadable
[0509/010654.898:ERROR:process_info.cc(625)] range at 0x0, size 0xe1 fully unreadable
[0509/010654.969:ERROR:process_info.cc(373)] UncheckedAllocate
[0509/010655.277:ERROR:process_info.cc(625)] range at 0x3183277800000000, size 0x5 fully unreadable
[0509/010655.277:ERROR:process_info.cc(625)] range at 0x318327da00000000, size 0x5 fully unreadable
[0509/010655.277:ERROR:process_info.cc(625)] range at 0x0, size 0x5 fully unreadable
[0515/210437.621:ERROR:process_info.cc(625)] range at 0xdda8277a00000000, size 0xd7 fully unreadable
[0515/210437.650:ERROR:process_info.cc(625)] range at 0xdda827da00000000, size 0xd7 fully unreadable
[0515/210437.650:ERROR:process_info.cc(625)] range at 0x0, size 0xd7 fully unreadable
[0515/210442.487:ERROR:process_info.cc(625)] range at 0xbdce275200000000, size 0xaa fully unreadable
[0515/210442.487:ERROR:process_info.cc(625)] range at 0xbdce27b200000000, size 0xaa fully unreadable
[0515/210442.487:ERROR:process_info.cc(625)] range at 0x0, size 0xaa fully unreadable
[0515/210442.496:ERROR:process_info.cc(373)] UncheckedAllocate
[0515/210451.247:ERROR:process_info.cc(625)] range at 0x3d4a275200000000, size 0x5a fully unreadable
[0515/210451.247:ERROR:process_info.cc(625)] range at 0x3d4a27b200000000, size 0x5a fully unreadable
[0515/210451.247:ERROR:process_info.cc(625)] range at 0x0, size 0x5a fully unreadable
[0515/210451.257:ERROR:process_info.cc(373)] UncheckedAllocate
[0515/214306.251:ERROR:process_info.cc(625)] range at 0x9ead277a00000000, size 0x19 fully unreadable
[0515/214306.280:ERROR:process_info.cc(625)] range at 0x9ead27dc00000000, size 0x19 fully unreadable
[0515/214306.280:ERROR:process_info.cc(625)] range at 0x0, size 0x19 fully unreadable
[0515/214306.253:ERROR:process_info.cc(625)] range at 0xfc42277a00000000, size 0xd7 fully unreadable
[0515/214306.254:ERROR:process_info.cc(625)] range at 0x9ce8214c00000000, size 0xf4 fully unreadable
[0515/214306.280:ERROR:process_info.cc(625)] range at 0xfc4227dc00000000, size 0xd7 fully unreadable
[0515/214306.253:ERROR:process_info.cc(625)] range at 0xdd92275200000000, size 0x66 fully unreadable
[0515/214306.280:ERROR:process_info.cc(625)] range at 0x9ce8216c00000000, size 0xf4 fully unreadable
[0515/214306.280:ERROR:process_info.cc(625)] range at 0x0, size 0xd7 fully unreadable
[0515/214306.280:ERROR:process_info.cc(625)] range at 0xdd9227b400000000, size 0x66 fully unreadable
[0515/214306.280:ERROR:process_info.cc(625)] range at 0x0, size 0xf4 fully unreadable
[0515/214306.280:ERROR:process_info.cc(625)] range at 0x0, size 0x66 fully unreadable
[0515/214324.906:ERROR:process_info.cc(625)] range at 0xdaf6275200000000, size 0xba fully unreadable
[0515/214324.906:ERROR:process_info.cc(625)] range at 0xdaf627b400000000, size 0xba fully unreadable
[0515/214324.906:ERROR:process_info.cc(625)] range at 0x0, size 0xba fully unreadable
[0515/214423.002:ERROR:process_info.cc(625)] range at 0x1dcb275200000000, size 0x59 fully unreadable
[0515/214423.002:ERROR:process_info.cc(625)] range at 0x8fe9277a00000000, size 0xc4 fully unreadable
[0515/214423.153:ERROR:process_info.cc(625)] range at 0x8fe927dc00000000, size 0xc4 fully unreadable
[0515/214423.153:ERROR:process_info.cc(625)] range at 0x0, size 0xc4 fully unreadable
[0515/214423.123:ERROR:process_info.cc(625)] range at 0x7fb0277a00000000, size 0x92 fully unreadable
[0515/214423.153:ERROR:process_info.cc(625)] range at 0x1dcb27b400000000, size 0x59 fully unreadable
[0515/214423.153:ERROR:process_info.cc(625)] range at 0x7fb027dc00000000, size 0x92 fully unreadable
[0515/214423.089:ERROR:process_info.cc(625)] range at 0xa1ac277a00000000, size 0xb1 fully unreadable
[0515/214423.153:ERROR:process_info.cc(625)] range at 0x0, size 0x92 fully unreadable
[0515/214423.153:ERROR:process_info.cc(625)] range at 0x0, size 0x59 fully unreadable
[0515/214423.153:ERROR:process_info.cc(625)] range at 0xa1ac27dc00000000, size 0xb1 fully unreadable
[0515/214423.154:ERROR:process_info.cc(625)] range at 0x0, size 0xb1 fully unreadable
[0515/214423.288:ERROR:process_info.cc(373)] UncheckedAllocate
[0515/214423.289:ERROR:process_info.cc(373)] UncheckedAllocate
[0515/214423.289:ERROR:process_info.cc(373)] UncheckedAllocate
[0515/214423.289:ERROR:process_info.cc(373)] UncheckedAllocate
[0515/214423.593:ERROR:process_info.cc(625)] range at 0x9ffc1c3000000000, size 0x83 fully unreadable
[0515/214423.593:ERROR:process_info.cc(625)] range at 0x9ffc1c5000000000, size 0x83 fully unreadable
[0515/214423.593:ERROR:process_info.cc(625)] range at 0x0, size 0x83 fully unreadable
[0515/215825.257:ERROR:process_info.cc(625)] range at 0x3339275200000000, size 0x7b fully unreadable
[0515/215825.286:ERROR:process_info.cc(625)] range at 0x333927b200000000, size 0x7b fully unreadable
[0515/215825.286:ERROR:process_info.cc(625)] range at 0x0, size 0x7b fully unreadable
